<?xml version="1.0" encoding="UTF-8"?>
<testsuite xmlns:xsi="http://www.w3.org/2001/XMLSchema-instance" xsi:noNamespaceSchemaLocation="https://maven.apache.org/surefire/maven-surefire-plugin/xsd/surefire-test-report.xsd" name="com.yi.lianjia.SpringBootLianjiaApplicationTests" time="5.195" tests="1" errors="0" skipped="0" failures="0">
  <properties>
    <property name="sun.desktop" value="windows"/>
    <property name="awt.toolkit" value="sun.awt.windows.WToolkit"/>
    <property name="file.encoding.pkg" value="sun.io"/>
    <property name="java.specification.version" value="1.8"/>
    <property name="sun.cpu.isalist" value="amd64"/>
    <property name="sun.jnu.encoding" value="GBK"/>
    <property name="java.class.path" value="D:\WORKSPACE\IDEA-WORKSPACE\spring-boot-2.x-examples-master\spring-boot-lianjia\target\test-classes;D:\WORKSPACE\IDEA-WORKSPACE\spring-boot-2.x-examples-master\spring-boot-lianjia\target\classes;D:\Maven-jarstore\org\springframework\boot\spring-boot-starter-web\2.2.2.RELEASE\spring-boot-starter-web-2.2.2.RELEASE.jar;D:\Maven-jarstore\org\springframework\boot\spring-boot-starter\2.2.2.RELEASE\spring-boot-starter-2.2.2.RELEASE.jar;D:\Maven-jarstore\org\springframework\boot\spring-boot\2.2.2.RELEASE\spring-boot-2.2.2.RELEASE.jar;D:\Maven-jarstore\org\springframework\boot\spring-boot-starter-logging\2.2.2.RELEASE\spring-boot-starter-logging-2.2.2.RELEASE.jar;D:\Maven-jarstore\ch\qos\logback\logback-classic\1.2.3\logback-classic-1.2.3.jar;D:\Maven-jarstore\ch\qos\logback\logback-core\1.2.3\logback-core-1.2.3.jar;D:\Maven-jarstore\org\apache\logging\log4j\log4j-to-slf4j\2.12.1\log4j-to-slf4j-2.12.1.jar;D:\Maven-jarstore\org\apache\logging\log4j\log4j-api\2.12.1\log4j-api-2.12.1.jar;D:\Maven-jarstore\org\slf4j\jul-to-slf4j\1.7.29\jul-to-slf4j-1.7.29.jar;D:\Maven-jarstore\jakarta\annotation\jakarta.annotation-api\1.3.5\jakarta.annotation-api-1.3.5.jar;D:\Maven-jarstore\org\yaml\snakeyaml\1.25\snakeyaml-1.25.jar;D:\Maven-jarstore\org\springframework\boot\spring-boot-starter-json\2.2.2.RELEASE\spring-boot-starter-json-2.2.2.RELEASE.jar;D:\Maven-jarstore\com\fasterxml\jackson\core\jackson-databind\2.10.1\jackson-databind-2.10.1.jar;D:\Maven-jarstore\com\fasterxml\jackson\core\jackson-annotations\2.10.1\jackson-annotations-2.10.1.jar;D:\Maven-jarstore\com\fasterxml\jackson\core\jackson-core\2.10.1\jackson-core-2.10.1.jar;D:\Maven-jarstore\com\fasterxml\jackson\datatype\jackson-datatype-jdk8\2.10.1\jackson-datatype-jdk8-2.10.1.jar;D:\Maven-jarstore\com\fasterxml\jackson\datatype\jackson-datatype-jsr310\2.10.1\jackson-datatype-jsr310-2.10.1.jar;D:\Maven-jarstore\com\fasterxml\jackson\module\jackson-module-parameter-names\2.10.1\jackson-module-parameter-names-2.10.1.jar;D:\Maven-jarstore\org\springframework\boot\spring-boot-starter-tomcat\2.2.2.RELEASE\spring-boot-starter-tomcat-2.2.2.RELEASE.jar;D:\Maven-jarstore\org\apache\tomcat\embed\tomcat-embed-core\9.0.29\tomcat-embed-core-9.0.29.jar;D:\Maven-jarstore\org\apache\tomcat\embed\tomcat-embed-el\9.0.29\tomcat-embed-el-9.0.29.jar;D:\Maven-jarstore\org\apache\tomcat\embed\tomcat-embed-websocket\9.0.29\tomcat-embed-websocket-9.0.29.jar;D:\Maven-jarstore\org\springframework\boot\spring-boot-starter-validation\2.2.2.RELEASE\spring-boot-starter-validation-2.2.2.RELEASE.jar;D:\Maven-jarstore\jakarta\validation\jakarta.validation-api\2.0.1\jakarta.validation-api-2.0.1.jar;D:\Maven-jarstore\org\hibernate\validator\hibernate-validator\6.0.18.Final\hibernate-validator-6.0.18.Final.jar;D:\Maven-jarstore\org\jboss\logging\jboss-logging\3.4.1.Final\jboss-logging-3.4.1.Final.jar;D:\Maven-jarstore\com\fasterxml\classmate\1.5.1\classmate-1.5.1.jar;D:\Maven-jarstore\org\springframework\spring-web\5.2.2.RELEASE\spring-web-5.2.2.RELEASE.jar;D:\Maven-jarstore\org\springframework\spring-beans\5.2.2.RELEASE\spring-beans-5.2.2.RELEASE.jar;D:\Maven-jarstore\org\springframework\spring-webmvc\5.2.2.RELEASE\spring-webmvc-5.2.2.RELEASE.jar;D:\Maven-jarstore\org\springframework\spring-aop\5.2.2.RELEASE\spring-aop-5.2.2.RELEASE.jar;D:\Maven-jarstore\org\springframework\spring-context\5.2.2.RELEASE\spring-context-5.2.2.RELEASE.jar;D:\Maven-jarstore\org\springframework\spring-expression\5.2.2.RELEASE\spring-expression-5.2.2.RELEASE.jar;D:\Maven-jarstore\mysql\mysql-connector-java\8.0.18\mysql-connector-java-8.0.18.jar;D:\Maven-jarstore\com\baomidou\mybatis-plus-boot-starter\3.3.0\mybatis-plus-boot-starter-3.3.0.jar;D:\Maven-jarstore\com\baomidou\mybatis-plus\3.3.0\mybatis-plus-3.3.0.jar;D:\Maven-jarstore\com\baomidou\mybatis-plus-extension\3.3.0\mybatis-plus-extension-3.3.0.jar;D:\Maven-jarstore\com\baomidou\mybatis-plus-core\3.3.0\mybatis-plus-core-3.3.0.jar;D:\Maven-jarstore\com\baomidou\mybatis-plus-annotation\3.3.0\mybatis-plus-annotation-3.3.0.jar;D:\Maven-jarstore\com\github\jsqlparser\jsqlparser\3.1\jsqlparser-3.1.jar;D:\Maven-jarstore\org\mybatis\mybatis\3.5.3\mybatis-3.5.3.jar;D:\Maven-jarstore\org\mybatis\mybatis-spring\2.0.3\mybatis-spring-2.0.3.jar;D:\Maven-jarstore\org\springframework\boot\spring-boot-autoconfigure\2.2.2.RELEASE\spring-boot-autoconfigure-2.2.2.RELEASE.jar;D:\Maven-jarstore\org\springframework\boot\spring-boot-starter-jdbc\2.2.2.RELEASE\spring-boot-starter-jdbc-2.2.2.RELEASE.jar;D:\Maven-jarstore\com\zaxxer\HikariCP\3.4.1\HikariCP-3.4.1.jar;D:\Maven-jarstore\org\springframework\spring-jdbc\5.2.2.RELEASE\spring-jdbc-5.2.2.RELEASE.jar;D:\Maven-jarstore\org\springframework\spring-tx\5.2.2.RELEASE\spring-tx-5.2.2.RELEASE.jar;D:\Maven-jarstore\us\codecraft\webmagic-core\0.7.3\webmagic-core-0.7.3.jar;D:\Maven-jarstore\org\apache\httpcomponents\httpclient\4.5.10\httpclient-4.5.10.jar;D:\Maven-jarstore\org\apache\httpcomponents\httpcore\4.4.12\httpcore-4.4.12.jar;D:\Maven-jarstore\commons-codec\commons-codec\1.13\commons-codec-1.13.jar;D:\Maven-jarstore\org\apache\commons\commons-lang3\3.9\commons-lang3-3.9.jar;D:\Maven-jarstore\us\codecraft\xsoup\0.3.1\xsoup-0.3.1.jar;D:\Maven-jarstore\org\slf4j\slf4j-api\1.7.29\slf4j-api-1.7.29.jar;D:\Maven-jarstore\org\slf4j\slf4j-log4j12\1.7.29\slf4j-log4j12-1.7.29.jar;D:\Maven-jarstore\log4j\log4j\1.2.17\log4j-1.2.17.jar;D:\Maven-jarstore\commons-collections\commons-collections\3.2.2\commons-collections-3.2.2.jar;D:\Maven-jarstore\org\jsoup\jsoup\1.10.3\jsoup-1.10.3.jar;D:\Maven-jarstore\commons-io\commons-io\1.3.2\commons-io-1.3.2.jar;D:\Maven-jarstore\com\jayway\jsonpath\json-path\2.4.0\json-path-2.4.0.jar;D:\Maven-jarstore\net\minidev\json-smart\2.3\json-smart-2.3.jar;D:\Maven-jarstore\net\minidev\accessors-smart\1.2\accessors-smart-1.2.jar;D:\Maven-jarstore\org\ow2\asm\asm\5.0.4\asm-5.0.4.jar;D:\Maven-jarstore\com\alibaba\fastjson\1.2.28\fastjson-1.2.28.jar;D:\Maven-jarstore\us\codecraft\webmagic-extension\0.7.3\webmagic-extension-0.7.3.jar;D:\Maven-jarstore\redis\clients\jedis\3.1.0\jedis-3.1.0.jar;D:\Maven-jarstore\org\apache\commons\commons-pool2\2.7.0\commons-pool2-2.7.0.jar;D:\Maven-jarstore\cn\hutool\hutool-all\5.1.0\hutool-all-5.1.0.jar;D:\Maven-jarstore\org\projectlombok\lombok\1.18.10\lombok-1.18.10.jar;D:\Maven-jarstore\org\springframework\boot\spring-boot-starter-test\2.2.2.RELEASE\spring-boot-starter-test-2.2.2.RELEASE.jar;D:\Maven-jarstore\org\springframework\boot\spring-boot-test\2.2.2.RELEASE\spring-boot-test-2.2.2.RELEASE.jar;D:\Maven-jarstore\org\springframework\boot\spring-boot-test-autoconfigure\2.2.2.RELEASE\spring-boot-test-autoconfigure-2.2.2.RELEASE.jar;D:\Maven-jarstore\jakarta\xml\bind\jakarta.xml.bind-api\2.3.2\jakarta.xml.bind-api-2.3.2.jar;D:\Maven-jarstore\jakarta\activation\jakarta.activation-api\1.2.1\jakarta.activation-api-1.2.1.jar;D:\Maven-jarstore\org\junit\jupiter\junit-jupiter\5.5.2\junit-jupiter-5.5.2.jar;D:\Maven-jarstore\org\junit\jupiter\junit-jupiter-api\5.5.2\junit-jupiter-api-5.5.2.jar;D:\Maven-jarstore\org\apiguardian\apiguardian-api\1.1.0\apiguardian-api-1.1.0.jar;D:\Maven-jarstore\org\opentest4j\opentest4j\1.2.0\opentest4j-1.2.0.jar;D:\Maven-jarstore\org\junit\platform\junit-platform-commons\1.5.2\junit-platform-commons-1.5.2.jar;D:\Maven-jarstore\org\junit\jupiter\junit-jupiter-params\5.5.2\junit-jupiter-params-5.5.2.jar;D:\Maven-jarstore\org\junit\jupiter\junit-jupiter-engine\5.5.2\junit-jupiter-engine-5.5.2.jar;D:\Maven-jarstore\org\junit\platform\junit-platform-engine\1.5.2\junit-platform-engine-1.5.2.jar;D:\Maven-jarstore\org\mockito\mockito-junit-jupiter\3.1.0\mockito-junit-jupiter-3.1.0.jar;D:\Maven-jarstore\org\assertj\assertj-core\3.13.2\assertj-core-3.13.2.jar;D:\Maven-jarstore\org\hamcrest\hamcrest\2.1\hamcrest-2.1.jar;D:\Maven-jarstore\org\mockito\mockito-core\3.1.0\mockito-core-3.1.0.jar;D:\Maven-jarstore\net\bytebuddy\byte-buddy\1.10.4\byte-buddy-1.10.4.jar;D:\Maven-jarstore\net\bytebuddy\byte-buddy-agent\1.10.4\byte-buddy-agent-1.10.4.jar;D:\Maven-jarstore\org\objenesis\objenesis\2.6\objenesis-2.6.jar;D:\Maven-jarstore\org\skyscreamer\jsonassert\1.5.0\jsonassert-1.5.0.jar;D:\Maven-jarstore\com\vaadin\external\google\android-json\0.0.20131108.vaadin1\android-json-0.0.20131108.vaadin1.jar;D:\Maven-jarstore\org\springframework\spring-core\5.2.2.RELEASE\spring-core-5.2.2.RELEASE.jar;D:\Maven-jarstore\org\springframework\spring-jcl\5.2.2.RELEASE\spring-jcl-5.2.2.RELEASE.jar;D:\Maven-jarstore\org\springframework\spring-test\5.2.2.RELEASE\spring-test-5.2.2.RELEASE.jar;D:\Maven-jarstore\org\xmlunit\xmlunit-core\2.6.3\xmlunit-core-2.6.3.jar;"/>
    <property name="java.vm.vendor" value="Oracle Corporation"/>
    <property name="sun.arch.data.model" value="64"/>
    <property name="user.variant" value=""/>
    <property name="java.vendor.url" value="http://java.oracle.com/"/>
    <property name="user.timezone" value="Asia/Shanghai"/>
    <property name="java.vm.specification.version" value="1.8"/>
    <property name="os.name" value="Windows 10"/>
    <property name="user.country" value="CN"/>
    <property name="sun.java.launcher" value="SUN_STANDARD"/>
    <property name="sun.boot.library.path" value="C:\Program Files\Java\jdk1.8.0_231\jre\bin"/>
    <property name="sun.java.command" value="C:\Users\ELIAN-~1\AppData\Local\Temp\surefire4252634201721168200\surefirebooter7558524212001659369.jar C:\Users\ELIAN-FM-JSJ297\AppData\Local\Temp\surefire4252634201721168200 2020-04-21T10-40-45_020-jvmRun1 surefire8373274476998723251tmp surefire_02461638632545799999tmp"/>
    <property name="surefire.test.class.path" value="D:\WORKSPACE\IDEA-WORKSPACE\spring-boot-2.x-examples-master\spring-boot-lianjia\target\test-classes;D:\WORKSPACE\IDEA-WORKSPACE\spring-boot-2.x-examples-master\spring-boot-lianjia\target\classes;D:\Maven-jarstore\org\springframework\boot\spring-boot-starter-web\2.2.2.RELEASE\spring-boot-starter-web-2.2.2.RELEASE.jar;D:\Maven-jarstore\org\springframework\boot\spring-boot-starter\2.2.2.RELEASE\spring-boot-starter-2.2.2.RELEASE.jar;D:\Maven-jarstore\org\springframework\boot\spring-boot\2.2.2.RELEASE\spring-boot-2.2.2.RELEASE.jar;D:\Maven-jarstore\org\springframework\boot\spring-boot-starter-logging\2.2.2.RELEASE\spring-boot-starter-logging-2.2.2.RELEASE.jar;D:\Maven-jarstore\ch\qos\logback\logback-classic\1.2.3\logback-classic-1.2.3.jar;D:\Maven-jarstore\ch\qos\logback\logback-core\1.2.3\logback-core-1.2.3.jar;D:\Maven-jarstore\org\apache\logging\log4j\log4j-to-slf4j\2.12.1\log4j-to-slf4j-2.12.1.jar;D:\Maven-jarstore\org\apache\logging\log4j\log4j-api\2.12.1\log4j-api-2.12.1.jar;D:\Maven-jarstore\org\slf4j\jul-to-slf4j\1.7.29\jul-to-slf4j-1.7.29.jar;D:\Maven-jarstore\jakarta\annotation\jakarta.annotation-api\1.3.5\jakarta.annotation-api-1.3.5.jar;D:\Maven-jarstore\org\yaml\snakeyaml\1.25\snakeyaml-1.25.jar;D:\Maven-jarstore\org\springframework\boot\spring-boot-starter-json\2.2.2.RELEASE\spring-boot-starter-json-2.2.2.RELEASE.jar;D:\Maven-jarstore\com\fasterxml\jackson\core\jackson-databind\2.10.1\jackson-databind-2.10.1.jar;D:\Maven-jarstore\com\fasterxml\jackson\core\jackson-annotations\2.10.1\jackson-annotations-2.10.1.jar;D:\Maven-jarstore\com\fasterxml\jackson\core\jackson-core\2.10.1\jackson-core-2.10.1.jar;D:\Maven-jarstore\com\fasterxml\jackson\datatype\jackson-datatype-jdk8\2.10.1\jackson-datatype-jdk8-2.10.1.jar;D:\Maven-jarstore\com\fasterxml\jackson\datatype\jackson-datatype-jsr310\2.10.1\jackson-datatype-jsr310-2.10.1.jar;D:\Maven-jarstore\com\fasterxml\jackson\module\jackson-module-parameter-names\2.10.1\jackson-module-parameter-names-2.10.1.jar;D:\Maven-jarstore\org\springframework\boot\spring-boot-starter-tomcat\2.2.2.RELEASE\spring-boot-starter-tomcat-2.2.2.RELEASE.jar;D:\Maven-jarstore\org\apache\tomcat\embed\tomcat-embed-core\9.0.29\tomcat-embed-core-9.0.29.jar;D:\Maven-jarstore\org\apache\tomcat\embed\tomcat-embed-el\9.0.29\tomcat-embed-el-9.0.29.jar;D:\Maven-jarstore\org\apache\tomcat\embed\tomcat-embed-websocket\9.0.29\tomcat-embed-websocket-9.0.29.jar;D:\Maven-jarstore\org\springframework\boot\spring-boot-starter-validation\2.2.2.RELEASE\spring-boot-starter-validation-2.2.2.RELEASE.jar;D:\Maven-jarstore\jakarta\validation\jakarta.validation-api\2.0.1\jakarta.validation-api-2.0.1.jar;D:\Maven-jarstore\org\hibernate\validator\hibernate-validator\6.0.18.Final\hibernate-validator-6.0.18.Final.jar;D:\Maven-jarstore\org\jboss\logging\jboss-logging\3.4.1.Final\jboss-logging-3.4.1.Final.jar;D:\Maven-jarstore\com\fasterxml\classmate\1.5.1\classmate-1.5.1.jar;D:\Maven-jarstore\org\springframework\spring-web\5.2.2.RELEASE\spring-web-5.2.2.RELEASE.jar;D:\Maven-jarstore\org\springframework\spring-beans\5.2.2.RELEASE\spring-beans-5.2.2.RELEASE.jar;D:\Maven-jarstore\org\springframework\spring-webmvc\5.2.2.RELEASE\spring-webmvc-5.2.2.RELEASE.jar;D:\Maven-jarstore\org\springframework\spring-aop\5.2.2.RELEASE\spring-aop-5.2.2.RELEASE.jar;D:\Maven-jarstore\org\springframework\spring-context\5.2.2.RELEASE\spring-context-5.2.2.RELEASE.jar;D:\Maven-jarstore\org\springframework\spring-expression\5.2.2.RELEASE\spring-expression-5.2.2.RELEASE.jar;D:\Maven-jarstore\mysql\mysql-connector-java\8.0.18\mysql-connector-java-8.0.18.jar;D:\Maven-jarstore\com\baomidou\mybatis-plus-boot-starter\3.3.0\mybatis-plus-boot-starter-3.3.0.jar;D:\Maven-jarstore\com\baomidou\mybatis-plus\3.3.0\mybatis-plus-3.3.0.jar;D:\Maven-jarstore\com\baomidou\mybatis-plus-extension\3.3.0\mybatis-plus-extension-3.3.0.jar;D:\Maven-jarstore\com\baomidou\mybatis-plus-core\3.3.0\mybatis-plus-core-3.3.0.jar;D:\Maven-jarstore\com\baomidou\mybatis-plus-annotation\3.3.0\mybatis-plus-annotation-3.3.0.jar;D:\Maven-jarstore\com\github\jsqlparser\jsqlparser\3.1\jsqlparser-3.1.jar;D:\Maven-jarstore\org\mybatis\mybatis\3.5.3\mybatis-3.5.3.jar;D:\Maven-jarstore\org\mybatis\mybatis-spring\2.0.3\mybatis-spring-2.0.3.jar;D:\Maven-jarstore\org\springframework\boot\spring-boot-autoconfigure\2.2.2.RELEASE\spring-boot-autoconfigure-2.2.2.RELEASE.jar;D:\Maven-jarstore\org\springframework\boot\spring-boot-starter-jdbc\2.2.2.RELEASE\spring-boot-starter-jdbc-2.2.2.RELEASE.jar;D:\Maven-jarstore\com\zaxxer\HikariCP\3.4.1\HikariCP-3.4.1.jar;D:\Maven-jarstore\org\springframework\spring-jdbc\5.2.2.RELEASE\spring-jdbc-5.2.2.RELEASE.jar;D:\Maven-jarstore\org\springframework\spring-tx\5.2.2.RELEASE\spring-tx-5.2.2.RELEASE.jar;D:\Maven-jarstore\us\codecraft\webmagic-core\0.7.3\webmagic-core-0.7.3.jar;D:\Maven-jarstore\org\apache\httpcomponents\httpclient\4.5.10\httpclient-4.5.10.jar;D:\Maven-jarstore\org\apache\httpcomponents\httpcore\4.4.12\httpcore-4.4.12.jar;D:\Maven-jarstore\commons-codec\commons-codec\1.13\commons-codec-1.13.jar;D:\Maven-jarstore\org\apache\commons\commons-lang3\3.9\commons-lang3-3.9.jar;D:\Maven-jarstore\us\codecraft\xsoup\0.3.1\xsoup-0.3.1.jar;D:\Maven-jarstore\org\slf4j\slf4j-api\1.7.29\slf4j-api-1.7.29.jar;D:\Maven-jarstore\org\slf4j\slf4j-log4j12\1.7.29\slf4j-log4j12-1.7.29.jar;D:\Maven-jarstore\log4j\log4j\1.2.17\log4j-1.2.17.jar;D:\Maven-jarstore\commons-collections\commons-collections\3.2.2\commons-collections-3.2.2.jar;D:\Maven-jarstore\org\jsoup\jsoup\1.10.3\jsoup-1.10.3.jar;D:\Maven-jarstore\commons-io\commons-io\1.3.2\commons-io-1.3.2.jar;D:\Maven-jarstore\com\jayway\jsonpath\json-path\2.4.0\json-path-2.4.0.jar;D:\Maven-jarstore\net\minidev\json-smart\2.3\json-smart-2.3.jar;D:\Maven-jarstore\net\minidev\accessors-smart\1.2\accessors-smart-1.2.jar;D:\Maven-jarstore\org\ow2\asm\asm\5.0.4\asm-5.0.4.jar;D:\Maven-jarstore\com\alibaba\fastjson\1.2.28\fastjson-1.2.28.jar;D:\Maven-jarstore\us\codecraft\webmagic-extension\0.7.3\webmagic-extension-0.7.3.jar;D:\Maven-jarstore\redis\clients\jedis\3.1.0\jedis-3.1.0.jar;D:\Maven-jarstore\org\apache\commons\commons-pool2\2.7.0\commons-pool2-2.7.0.jar;D:\Maven-jarstore\cn\hutool\hutool-all\5.1.0\hutool-all-5.1.0.jar;D:\Maven-jarstore\org\projectlombok\lombok\1.18.10\lombok-1.18.10.jar;D:\Maven-jarstore\org\springframework\boot\spring-boot-starter-test\2.2.2.RELEASE\spring-boot-starter-test-2.2.2.RELEASE.jar;D:\Maven-jarstore\org\springframework\boot\spring-boot-test\2.2.2.RELEASE\spring-boot-test-2.2.2.RELEASE.jar;D:\Maven-jarstore\org\springframework\boot\spring-boot-test-autoconfigure\2.2.2.RELEASE\spring-boot-test-autoconfigure-2.2.2.RELEASE.jar;D:\Maven-jarstore\jakarta\xml\bind\jakarta.xml.bind-api\2.3.2\jakarta.xml.bind-api-2.3.2.jar;D:\Maven-jarstore\jakarta\activation\jakarta.activation-api\1.2.1\jakarta.activation-api-1.2.1.jar;D:\Maven-jarstore\org\junit\jupiter\junit-jupiter\5.5.2\junit-jupiter-5.5.2.jar;D:\Maven-jarstore\org\junit\jupiter\junit-jupiter-api\5.5.2\junit-jupiter-api-5.5.2.jar;D:\Maven-jarstore\org\apiguardian\apiguardian-api\1.1.0\apiguardian-api-1.1.0.jar;D:\Maven-jarstore\org\opentest4j\opentest4j\1.2.0\opentest4j-1.2.0.jar;D:\Maven-jarstore\org\junit\platform\junit-platform-commons\1.5.2\junit-platform-commons-1.5.2.jar;D:\Maven-jarstore\org\junit\jupiter\junit-jupiter-params\5.5.2\junit-jupiter-params-5.5.2.jar;D:\Maven-jarstore\org\junit\jupiter\junit-jupiter-engine\5.5.2\junit-jupiter-engine-5.5.2.jar;D:\Maven-jarstore\org\junit\platform\junit-platform-engine\1.5.2\junit-platform-engine-1.5.2.jar;D:\Maven-jarstore\org\mockito\mockito-junit-jupiter\3.1.0\mockito-junit-jupiter-3.1.0.jar;D:\Maven-jarstore\org\assertj\assertj-core\3.13.2\assertj-core-3.13.2.jar;D:\Maven-jarstore\org\hamcrest\hamcrest\2.1\hamcrest-2.1.jar;D:\Maven-jarstore\org\mockito\mockito-core\3.1.0\mockito-core-3.1.0.jar;D:\Maven-jarstore\net\bytebuddy\byte-buddy\1.10.4\byte-buddy-1.10.4.jar;D:\Maven-jarstore\net\bytebuddy\byte-buddy-agent\1.10.4\byte-buddy-agent-1.10.4.jar;D:\Maven-jarstore\org\objenesis\objenesis\2.6\objenesis-2.6.jar;D:\Maven-jarstore\org\skyscreamer\jsonassert\1.5.0\jsonassert-1.5.0.jar;D:\Maven-jarstore\com\vaadin\external\google\android-json\0.0.20131108.vaadin1\android-json-0.0.20131108.vaadin1.jar;D:\Maven-jarstore\org\springframework\spring-core\5.2.2.RELEASE\spring-core-5.2.2.RELEASE.jar;D:\Maven-jarstore\org\springframework\spring-jcl\5.2.2.RELEASE\spring-jcl-5.2.2.RELEASE.jar;D:\Maven-jarstore\org\springframework\spring-test\5.2.2.RELEASE\spring-test-5.2.2.RELEASE.jar;D:\Maven-jarstore\org\xmlunit\xmlunit-core\2.6.3\xmlunit-core-2.6.3.jar;"/>
    <property name="sun.cpu.endian" value="little"/>
    <property name="user.home" value="C:\Users\ELIAN-FM-JSJ297"/>
    <property name="user.language" value="zh"/>
    <property name="java.specification.vendor" value="Oracle Corporation"/>
    <property name="java.home" value="C:\Program Files\Java\jdk1.8.0_231\jre"/>
    <property name="basedir" value="D:\WORKSPACE\IDEA-WORKSPACE\spring-boot-2.x-examples-master\spring-boot-lianjia"/>
    <property name="file.separator" value="\"/>
    <property name="line.separator" value="&#10;"/>
    <property name="java.vm.specification.vendor" value="Oracle Corporation"/>
    <property name="java.specification.name" value="Java Platform API Specification"/>
    <property name="java.awt.graphicsenv" value="sun.awt.Win32GraphicsEnvironment"/>
    <property name="surefire.real.class.path" value="C:\Users\ELIAN-~1\AppData\Local\Temp\surefire4252634201721168200\surefirebooter7558524212001659369.jar"/>
    <property name="sun.boot.class.path" value="C:\Program Files\Java\jdk1.8.0_231\jre\lib\resources.jar;C:\Program Files\Java\jdk1.8.0_231\jre\lib\rt.jar;C:\Program Files\Java\jdk1.8.0_231\jre\lib\sunrsasign.jar;C:\Program Files\Java\jdk1.8.0_231\jre\lib\jsse.jar;C:\Program Files\Java\jdk1.8.0_231\jre\lib\jce.jar;C:\Program Files\Java\jdk1.8.0_231\jre\lib\charsets.jar;C:\Program Files\Java\jdk1.8.0_231\jre\lib\jfr.jar;C:\Program Files\Java\jdk1.8.0_231\jre\classes"/>
    <property name="user.script" value=""/>
    <property name="sun.management.compiler" value="HotSpot 64-Bit Tiered Compilers"/>
    <property name="java.runtime.version" value="1.8.0_231-b11"/>
    <property name="user.name" value="ELIAN-FM-JSJ297"/>
    <property name="path.separator" value=";"/>
    <property name="os.version" value="10.0"/>
    <property name="java.endorsed.dirs" value="C:\Program Files\Java\jdk1.8.0_231\jre\lib\endorsed"/>
    <property name="java.runtime.name" value="Java(TM) SE Runtime Environment"/>
    <property name="file.encoding" value="GBK"/>
    <property name="java.vm.name" value="Java HotSpot(TM) 64-Bit Server VM"/>
    <property name="idea.version2020.1" value="true"/>
    <property name="localRepository" value="D:\Maven-jarstore"/>
    <property name="java.vendor.url.bug" value="http://bugreport.sun.com/bugreport/"/>
    <property name="java.io.tmpdir" value="C:\Users\ELIAN-~1\AppData\Local\Temp\"/>
    <property name="java.version" value="1.8.0_231"/>
    <property name="user.dir" value="D:\WORKSPACE\IDEA-WORKSPACE\spring-boot-2.x-examples-master\spring-boot-lianjia"/>
    <property name="os.arch" value="amd64"/>
    <property name="java.vm.specification.name" value="Java Virtual Machine Specification"/>
    <property name="java.awt.printerjob" value="sun.awt.windows.WPrinterJob"/>
    <property name="sun.os.patch.level" value=""/>
    <property name="java.library.path" value="C:\Program Files\Java\jdk1.8.0_231\jre\bin;C:\WINDOWS\Sun\Java\bin;C:\WINDOWS\system32;C:\WINDOWS;C:\Program Files (x86)\Common Files\Oracle\Java\javapath;C:\WINDOWS\system32;C:\WINDOWS;C:\WINDOWS\System32\Wbem;C:\WINDOWS\System32\WindowsPowerShell\v1.0\;C:\Program Files\Java\jdk1.8.0_231\bin;C:\Program Files\Java\jdk1.8.0_231\jre\bin;C:\Program Files\Git\cmd;D:\Apache\apache-maven-3.5.4\bin;D:\Program Files\mysql-5.7.24-winx64\bin;C:\WINDOWS\System32\OpenSSH\;C:\Users\ELIAN-FM-JSJ297\AppData\Local\Microsoft\WindowsApps;;C:\Users\ELIAN-FM-JSJ297\AppData\Local\Programs\Microsoft VS Code\bin;."/>
    <property name="java.vm.info" value="mixed mode"/>
    <property name="java.vendor" value="Oracle Corporation"/>
    <property name="java.vm.version" value="25.231-b11"/>
    <property name="java.ext.dirs" value="C:\Program Files\Java\jdk1.8.0_231\jre\lib\ext;C:\WINDOWS\Sun\Java\lib\ext"/>
    <property name="sun.io.unicode.encoding" value="UnicodeLittle"/>
    <property name="java.class.version" value="52.0"/>
  </properties>
  <testcase name="contextLoads" classname="com.yi.lianjia.SpringBootLianjiaApplicationTests" time="0.329"/>
</testsuite>